Remove Pin=B1-2 From Net=TXD
Remove Pin=B1-3 From Net=RXD
Remove Pin=B1-4 From Net=PPS
Remove Pin=B1-5 From Net=EINT
Remove Pin=B1-6 From Net=VBAT
Remove Pin=B1-11 From Net=RFIN
Remove Pin=B1-18 From Net=SAFE
Remove Pin=D1-1 From Net=3V3
Remove Pin=DS2-2 From Net=PPS
Remove Pin=J1-1 From Net=RFIN
Remove Pin=P1-1 From Net=3V3
Remove Pin=P1-2 From Net=GND
Remove Pin=P1-3 From Net=TXD
Remove Pin=P1-4 From Net=RXD
Remove Pin=P2-1 From Net=RST
Remove Pin=P2-2 From Net=EINT
Remove Pin=P2-3 From Net=PPS
Remove Pin=P2-4 From Net=SAFE
Remove Pin=P4-1 From Net=VIN
Remove Pin=P4-2 From Net=GND
Remove Pin=R1-1 From Net=3V3
Remove Pin=R2-1 From Net=3V3
Remove Pin=R3-2 From Net=3V3
Remove Pin=R4-1 From Net=GND
Remove Pin=R5-2 From Net=GND
