Replace Part B1 MAX-M10M-00B in C:\Users\amaln\Desktop\ALTIUM_EXERCISES\34374_group_exercises\Exercise9_GPS\Exercise9_GPS\GPS_Schematic.SchDoc with MAX-M10M-00B from Generic-Schematic-Library.SchLib
Replace Part BT1 MS621FE-FL11E in C:\Users\amaln\Desktop\ALTIUM_EXERCISES\34374_group_exercises\Exercise9_GPS\Exercise9_GPS\GPS_Schematic.SchDoc with MS621FE-FL11E from Generic-Schematic-Library.SchLib
Replace Part C1 CAP_0402 in C:\Users\amaln\Desktop\ALTIUM_EXERCISES\34374_group_exercises\Exercise9_GPS\Exercise9_GPS\GPS_Schematic.SchDoc with CAP_0402 from Generic-Schematic-Library.SchLib
Replace Part C2 CAP_0402 in C:\Users\amaln\Desktop\ALTIUM_EXERCISES\34374_group_exercises\Exercise9_GPS\Exercise9_GPS\GPS_Schematic.SchDoc with CAP_0402 from Generic-Schematic-Library.SchLib
Replace Part C3 CAP_0402 in C:\Users\amaln\Desktop\ALTIUM_EXERCISES\34374_group_exercises\Exercise9_GPS\Exercise9_GPS\GPS_Schematic.SchDoc with CAP_0402 from Generic-Schematic-Library.SchLib
Replace Part C4 CAP_0402 in C:\Users\amaln\Desktop\ALTIUM_EXERCISES\34374_group_exercises\Exercise9_GPS\Exercise9_GPS\GPS_Schematic.SchDoc with CAP_0402 from Generic-Schematic-Library.SchLib
Replace Part C5 CAP_0402 in C:\Users\amaln\Desktop\ALTIUM_EXERCISES\34374_group_exercises\Exercise9_GPS\Exercise9_GPS\GPS_Schematic.SchDoc with CAP_0402 from Generic-Schematic-Library.SchLib
Replace Part D1 CMP-0303-00002-2 in C:\Users\amaln\Desktop\ALTIUM_EXERCISES\34374_group_exercises\Exercise9_GPS\Exercise9_GPS\GPS_Schematic.SchDoc with CMP-0303-00002-2 from Generic-Schematic-Library.SchLib
Replace Part DS1 HSMH-C190 in C:\Users\amaln\Desktop\ALTIUM_EXERCISES\34374_group_exercises\Exercise9_GPS\Exercise9_GPS\GPS_Schematic.SchDoc with HSMH-C190 from Generic-Schematic-Library.SchLib
Replace Part DS2 HSMH-C190 in C:\Users\amaln\Desktop\ALTIUM_EXERCISES\34374_group_exercises\Exercise9_GPS\Exercise9_GPS\GPS_Schematic.SchDoc with HSMH-C190 from Generic-Schematic-Library.SchLib
Replace Part J1 U.FL-R-SMT_10_ in C:\Users\amaln\Desktop\ALTIUM_EXERCISES\34374_group_exercises\Exercise9_GPS\Exercise9_GPS\GPS_Schematic.SchDoc with U.FL-R-SMT_10_ from Generic-Schematic-Library.SchLib
Replace Part J2 UJC-HP-3-SMT-TR in C:\Users\amaln\Desktop\ALTIUM_EXERCISES\34374_group_exercises\Exercise9_GPS\Exercise9_GPS\GPS_Schematic.SchDoc with UJC-HP-3-SMT-TR from Generic-Schematic-Library.SchLib
Replace Part P1 CMP-1502-02092-3 in C:\Users\amaln\Desktop\ALTIUM_EXERCISES\34374_group_exercises\Exercise9_GPS\Exercise9_GPS\GPS_Schematic.SchDoc with CMP-1502-02092-3 from Generic-Schematic-Library.SchLib
Replace Part P2 CMP-1502-02092-3 in C:\Users\amaln\Desktop\ALTIUM_EXERCISES\34374_group_exercises\Exercise9_GPS\Exercise9_GPS\GPS_Schematic.SchDoc with CMP-1502-02092-3 from Generic-Schematic-Library.SchLib
Replace Part P4 CMP-1712-00002-7 in C:\Users\amaln\Desktop\ALTIUM_EXERCISES\34374_group_exercises\Exercise9_GPS\Exercise9_GPS\GPS_Schematic.SchDoc with CMP-1712-00002-7 from Generic-Schematic-Library.SchLib
Replace Part R1 RES_0402 in C:\Users\amaln\Desktop\ALTIUM_EXERCISES\34374_group_exercises\Exercise9_GPS\Exercise9_GPS\GPS_Schematic.SchDoc with RES_0402 from Generic-Schematic-Library.SchLib
Replace Part R2 RES_0402 in C:\Users\amaln\Desktop\ALTIUM_EXERCISES\34374_group_exercises\Exercise9_GPS\Exercise9_GPS\GPS_Schematic.SchDoc with RES_0402 from Generic-Schematic-Library.SchLib
Replace Part R3 RES_0402 in C:\Users\amaln\Desktop\ALTIUM_EXERCISES\34374_group_exercises\Exercise9_GPS\Exercise9_GPS\GPS_Schematic.SchDoc with RES_0402 from Generic-Schematic-Library.SchLib
Replace Part R4 RES_0402 in C:\Users\amaln\Desktop\ALTIUM_EXERCISES\34374_group_exercises\Exercise9_GPS\Exercise9_GPS\GPS_Schematic.SchDoc with RES_0402 from Generic-Schematic-Library.SchLib
Replace Part R5 RES_0402 in C:\Users\amaln\Desktop\ALTIUM_EXERCISES\34374_group_exercises\Exercise9_GPS\Exercise9_GPS\GPS_Schematic.SchDoc with RES_0402 from Generic-Schematic-Library.SchLib
Replace Part R6 RES_0201 in C:\Users\amaln\Desktop\ALTIUM_EXERCISES\34374_group_exercises\Exercise9_GPS\Exercise9_GPS\GPS_Schematic.SchDoc with RES_0201 from Generic-Schematic-Library.SchLib
Replace Part U1 CMP-12756-000035-1 in C:\Users\amaln\Desktop\ALTIUM_EXERCISES\34374_group_exercises\Exercise9_GPS\Exercise9_GPS\GPS_Schematic.SchDoc with CMP-12756-000035-1 from Generic-Schematic-Library.SchLib
