Change Component Footprint: Designator=J? Old Footprint=FP-HTSW-102-07-G-D-MFG New Footprint=FP-HTSW-102-07-G-D-MFG
Change Component Designator: OldDesignator=J? NewDesignator=J1
Add component: Footprint Not Found AVAG-HSMX-C190_V
Add component: Footprint Not Found FP-511BR-IPC_C
Add Pin To Net: Unknown Pin: Pin C1-9
Add Pin To Net: Unknown Pin: Pin C1-10
Add Pin To Net: Unknown Pin: Pin C2-9
Add Pin To Net: Unknown Pin: Pin C2-10
Add Pin To Net: Unknown Pin: Pin DS1-1
Add Pin To Net: Unknown Pin: Pin DS1-2
Add Pin To Net: Unknown Pin: Pin R1-7
Add Pin To Net: Unknown Pin: Pin R1-8
Add Pin To Net: Unknown Pin: Pin R2-7
Add Pin To Net: Unknown Pin: Pin R2-8
Add Pin To Net: Unknown Pin: Pin R3-7
Add Pin To Net: Unknown Pin: Pin R3-8
Add Pin To Net: Unknown Pin: Pin R4-7
Add Pin To Net: Unknown Pin: Pin R4-8
Add Pin To Net: Unknown Pin: Pin U1-1
Add Pin To Net: Unknown Pin: Pin U1-2
Add Pin To Net: Unknown Pin: Pin U1-3
Add Pin To Net: Unknown Pin: Pin U1-4
Add Pin To Net: Unknown Pin: Pin U1-6
Add Pin To Net: Unknown Pin: Pin U1-7
Add Class Member: Failed to add class member : Component DS1 HSMH-C190
Add Class Member: Failed to add class member : Component U1 NCP718AMTADJTBG
