Add component: Footprint Not Found CAP_0201
Add component: Footprint Not Found CAP_0201
Add component: Footprint Not Found AVAG-HSMX-C190_V
Add component: Footprint Not Found FP-HTSW-102-07-G-D-MFG
Add component: Footprint Not Found RES_0201
Add component: Footprint Not Found RES_0201
Add component: Footprint Not Found RES_0201
Add component: Footprint Not Found RES_0603
Add component: Footprint Not Found FP-511BR-IPC_C
Added Net: Name=4V5
Added Net: Name=EN_PIN
Added Net: Name=GND
Added Net: Name=NetDS1_2
Added Net: Name=VADJ
Added Net: Name=VADJ_1V8
Added Net: Name=VADJ_3V3
Added Net: Name=VOUT
Added Class: Name=LDO_Schematic
Added Rule: Name=Schematic Supply Nets
Added Rule: Name=Schematic Supply Nets_1
Added Rule: Name=Schematic Supply Nets_2
