Replace Part C1 CAP_0603 in C:\Users\amaln\Desktop\ALTIUM_EXERCISES\34374_group_exercises\Exercise6_Battery_charger\Battery_charger.SchDoc with CAP_0603 from Generic-Schematic-Library.SchLib
Replace Part C2 CAP_0603 in C:\Users\amaln\Desktop\ALTIUM_EXERCISES\34374_group_exercises\Exercise6_Battery_charger\Battery_charger.SchDoc with CAP_0603 from Generic-Schematic-Library.SchLib
Replace Part DS1 HSMH-C190 in C:\Users\amaln\Desktop\ALTIUM_EXERCISES\34374_group_exercises\Exercise6_Battery_charger\Battery_charger.SchDoc with HSMH-C190 from Generic-Schematic-Library.SchLib
Replace Part J1 CMP-2000-05823-1 in C:\Users\amaln\Desktop\ALTIUM_EXERCISES\34374_group_exercises\Exercise6_Battery_charger\Battery_charger.SchDoc with CMP-2000-05823-1 from Generic-Schematic-Library.SchLib
Replace Part J2 CMP-17439-000234-1 in C:\Users\amaln\Desktop\ALTIUM_EXERCISES\34374_group_exercises\Exercise6_Battery_charger\Battery_charger.SchDoc with CMP-17439-000234-1 from Generic-Schematic-Library.SchLib
Replace Part J3 CMP-2000-05299-1 in C:\Users\amaln\Desktop\ALTIUM_EXERCISES\34374_group_exercises\Exercise6_Battery_charger\Battery_charger.SchDoc with CMP-2000-05299-1 from Generic-Schematic-Library.SchLib
Replace Part J4 CMP-2000-05299-1 in C:\Users\amaln\Desktop\ALTIUM_EXERCISES\34374_group_exercises\Exercise6_Battery_charger\Battery_charger.SchDoc with CMP-2000-05299-1 from Generic-Schematic-Library.SchLib
Replace Part R1 RES_0603 in C:\Users\amaln\Desktop\ALTIUM_EXERCISES\34374_group_exercises\Exercise6_Battery_charger\Battery_charger.SchDoc with RES_0603 from Generic-Schematic-Library.SchLib
Replace Part R2 RES_0603 in C:\Users\amaln\Desktop\ALTIUM_EXERCISES\34374_group_exercises\Exercise6_Battery_charger\Battery_charger.SchDoc with RES_0603 from Generic-Schematic-Library.SchLib
Replace Part R3 RES_0603 in C:\Users\amaln\Desktop\ALTIUM_EXERCISES\34374_group_exercises\Exercise6_Battery_charger\Battery_charger.SchDoc with RES_0603 from Generic-Schematic-Library.SchLib
Replace Part R4 RES_0603 in C:\Users\amaln\Desktop\ALTIUM_EXERCISES\34374_group_exercises\Exercise6_Battery_charger\Battery_charger.SchDoc with RES_0603 from Generic-Schematic-Library.SchLib
Replace Part R5 RES_0603 in C:\Users\amaln\Desktop\ALTIUM_EXERCISES\34374_group_exercises\Exercise6_Battery_charger\Battery_charger.SchDoc with RES_0603 from Generic-Schematic-Library.SchLib
Replace Part R6 RES_0603 in C:\Users\amaln\Desktop\ALTIUM_EXERCISES\34374_group_exercises\Exercise6_Battery_charger\Battery_charger.SchDoc with RES_0603 from Generic-Schematic-Library.SchLib
Replace Part R7 RES_0603 in C:\Users\amaln\Desktop\ALTIUM_EXERCISES\34374_group_exercises\Exercise6_Battery_charger\Battery_charger.SchDoc with RES_0603 from Generic-Schematic-Library.SchLib
Replace Part SW1 CMP-03400-000026-1 in C:\Users\amaln\Desktop\ALTIUM_EXERCISES\34374_group_exercises\Exercise6_Battery_charger\Battery_charger.SchDoc with CMP-03400-000026-1 from Generic-Schematic-Library.SchLib
Replace Part SW1 CMP-03400-000026-1 in C:\Users\amaln\Desktop\ALTIUM_EXERCISES\34374_group_exercises\Exercise6_Battery_charger\Battery_charger.SchDoc with CMP-03400-000026-1 from Generic-Schematic-Library.SchLib
Replace Part SW1 CMP-03400-000026-1 in C:\Users\amaln\Desktop\ALTIUM_EXERCISES\34374_group_exercises\Exercise6_Battery_charger\Battery_charger.SchDoc with CMP-03400-000026-1 from Generic-Schematic-Library.SchLib
Replace Part SW1 CMP-03400-000026-1 in C:\Users\amaln\Desktop\ALTIUM_EXERCISES\34374_group_exercises\Exercise6_Battery_charger\Battery_charger.SchDoc with CMP-03400-000026-1 from Generic-Schematic-Library.SchLib
Replace Part SW1 CMP-03400-000026-1 in C:\Users\amaln\Desktop\ALTIUM_EXERCISES\34374_group_exercises\Exercise6_Battery_charger\Battery_charger.SchDoc with CMP-03400-000026-1 from Generic-Schematic-Library.SchLib
Replace Part SW1 CMP-03400-000026-1 in C:\Users\amaln\Desktop\ALTIUM_EXERCISES\34374_group_exercises\Exercise6_Battery_charger\Battery_charger.SchDoc with CMP-03400-000026-1 from Generic-Schematic-Library.SchLib
Replace Part U1 MCP73831-2ACI/MC in C:\Users\amaln\Desktop\ALTIUM_EXERCISES\34374_group_exercises\Exercise6_Battery_charger\Battery_charger.SchDoc with MCP73831-2ACI/MC from Generic-Schematic-Library.SchLib
